<?xml version="1.0" encoding="UTF-8"?>
<testsuite name="zaicevdmitry.com.ParserTest" tests="1" skipped="0" failures="0" errors="0" timestamp="2020-04-05T18:59:14" hostname="DESKTOP-FF23U9G" time="0.002">
  <properties/>
  <testcase name="parseQuery" classname="zaicevdmitry.com.ParserTest" time="0.002"/>
  <system-out><![CDATA[]]></system-out>
  <system-err><![CDATA[]]></system-err>
</testsuite>
